<?xml version="1.0" encoding="UTF-8"?>
<!-- Generated by org.testng.reporters.JUnitReportReporter -->
<testsuite hostname="USA-F5VDK13" failures="0" tests="1" name="org.orangeHRM.testCases.TCLoginLogout" time="20.720" errors="0" timestamp="2024-06-23T19:24:36 EDT" skipped="0">
  <testcase classname="org.orangeHRM.testCases.TCLoginLogout" name="login_logout" time="20.720"/>
</testsuite> <!-- org.orangeHRM.testCases.TCLoginLogout -->
